<?xml version="1.0" encoding="UTF-8"?>
<!-- Generated by org.testng.reporters.JUnitXMLReporter -->
<testsuite ignored="0" hostname="Ishan" failures="0" tests="10" name="Default test" time="20.349" errors="0" timestamp="2025-12-19T15:38:51 IST">
  <testcase classname="TelecomAPI.TelecomAPIServices" name="addUser" time="3.783"/>
  <testcase classname="TelecomAPI.TelecomAPIServices" name="getUserProfile" time="1.992"/>
  <testcase classname="TelecomAPI.TelecomAPIServices" name="updateUserPartial" time="1.778"/>
  <testcase classname="TelecomAPI.TelecomAPIServices" name="loginUser" time="1.933"/>
  <testcase classname="TelecomAPI.TelecomAPIServices" name="addContact" time="1.707"/>
  <testcase classname="TelecomAPI.TelecomAPIServices" name="getContactList" time="1.912"/>
  <testcase classname="TelecomAPI.TelecomAPIServices" name="getContact" time="1.777"/>
  <testcase classname="TelecomAPI.TelecomAPIServices" name="updateContact" time="1.842"/>
  <testcase classname="TelecomAPI.TelecomAPIServices" name="updateContactPartial" time="1.737"/>
  <testcase classname="TelecomAPI.TelecomAPIServices" name="logOutUser" time="1.843"/>
</testsuite> <!-- Default test -->
