<?xml version="1.0" encoding="UTF-8"?>
<testng-results ignored="0" total="10" passed="10" failed="0" skipped="0">
  <reporter-output>
  </reporter-output>
  <suite started-at="2025-12-19T15:38:31 IST" name="Default suite" finished-at="2025-12-19T15:38:51 IST" duration-ms="20349">
    <groups>
    </groups>
    <test started-at="2025-12-19T15:38:31 IST" name="Default test" finished-at="2025-12-19T15:38:51 IST" duration-ms="20349">
      <class name="TelecomAPI.TelecomAPIServices">
        <test-method is-config="true" signature="setup()[pri:0, instance:TelecomAPI.TelecomAPIServices@128d2484]" started-at="2025-12-19T15:38:30 IST" name="setup" finished-at="2025-12-19T15:38:31 IST" duration-ms="559" status="PASS">
          <reporter-output>
          </reporter-output>
        </test-method> <!-- setup -->
        <test-method signature="addUser()[pri:1, instance:TelecomAPI.TelecomAPIServices@128d2484]" started-at="2025-12-19T15:38:31 IST" name="addUser" finished-at="2025-12-19T15:38:35 IST" duration-ms="3783" status="PASS">
          <reporter-output>
          </reporter-output>
        </test-method> <!-- addUser -->
        <test-method signature="getUserProfile()[pri:2, instance:TelecomAPI.TelecomAPIServices@128d2484]" started-at="2025-12-19T15:38:35 IST" name="getUserProfile" finished-at="2025-12-19T15:38:37 IST" duration-ms="1992" status="PASS">
          <reporter-output>
          </reporter-output>
        </test-method> <!-- getUserProfile -->
        <test-method signature="updateUserPartial()[pri:3, instance:TelecomAPI.TelecomAPIServices@128d2484]" started-at="2025-12-19T15:38:37 IST" name="updateUserPartial" finished-at="2025-12-19T15:38:39 IST" duration-ms="1778" status="PASS">
          <reporter-output>
          </reporter-output>
        </test-method> <!-- updateUserPartial -->
        <test-method signature="loginUser()[pri:4, instance:TelecomAPI.TelecomAPIServices@128d2484]" started-at="2025-12-19T15:38:39 IST" name="loginUser" finished-at="2025-12-19T15:38:40 IST" duration-ms="1933" status="PASS">
          <reporter-output>
          </reporter-output>
        </test-method> <!-- loginUser -->
        <test-method signature="addContact()[pri:5, instance:TelecomAPI.TelecomAPIServices@128d2484]" started-at="2025-12-19T15:38:40 IST" name="addContact" finished-at="2025-12-19T15:38:42 IST" duration-ms="1707" status="PASS">
          <reporter-output>
          </reporter-output>
        </test-method> <!-- addContact -->
        <test-method signature="getContactList()[pri:6, instance:TelecomAPI.TelecomAPIServices@128d2484]" started-at="2025-12-19T15:38:42 IST" name="getContactList" finished-at="2025-12-19T15:38:44 IST" duration-ms="1912" status="PASS">
          <reporter-output>
          </reporter-output>
        </test-method> <!-- getContactList -->
        <test-method signature="getContact()[pri:7, instance:TelecomAPI.TelecomAPIServices@128d2484]" started-at="2025-12-19T15:38:44 IST" name="getContact" finished-at="2025-12-19T15:38:46 IST" duration-ms="1777" status="PASS">
          <reporter-output>
          </reporter-output>
        </test-method> <!-- getContact -->
        <test-method signature="updateContact()[pri:8, instance:TelecomAPI.TelecomAPIServices@128d2484]" started-at="2025-12-19T15:38:46 IST" name="updateContact" finished-at="2025-12-19T15:38:48 IST" duration-ms="1842" status="PASS">
          <reporter-output>
          </reporter-output>
        </test-method> <!-- updateContact -->
        <test-method signature="updateContactPartial()[pri:9, instance:TelecomAPI.TelecomAPIServices@128d2484]" started-at="2025-12-19T15:38:48 IST" name="updateContactPartial" finished-at="2025-12-19T15:38:49 IST" duration-ms="1737" status="PASS">
          <reporter-output>
          </reporter-output>
        </test-method> <!-- updateContactPartial -->
        <test-method signature="logOutUser()[pri:10, instance:TelecomAPI.TelecomAPIServices@128d2484]" started-at="2025-12-19T15:38:49 IST" name="logOutUser" finished-at="2025-12-19T15:38:51 IST" duration-ms="1843" status="PASS">
          <reporter-output>
          </reporter-output>
        </test-method> <!-- logOutUser -->
        <test-method is-config="true" signature="generateReport()[pri:0, instance:TelecomAPI.TelecomAPIServices@128d2484]" started-at="2025-12-19T15:38:51 IST" name="generateReport" finished-at="2025-12-19T15:38:52 IST" duration-ms="214" status="PASS">
          <reporter-output>
          </reporter-output>
        </test-method> <!-- generateReport -->
      </class> <!-- TelecomAPI.TelecomAPIServices -->
    </test> <!-- Default test -->
  </suite> <!-- Default suite -->
</testng-results>
