<?xml version="1.0" encoding="UTF-8"?>
<!-- Generated by org.testng.reporters.JUnitReportReporter -->
<testsuite hostname="Ishan" failures="0" tests="10" name="TelecomAPI.TelecomAPIServices" time="20.304" errors="0" timestamp="2025-12-19T15:38:52 IST" skipped="0">
  <testcase classname="TelecomAPI.TelecomAPIServices" name="addUser" time="3.783"/>
  <system-out/>
  <testcase classname="TelecomAPI.TelecomAPIServices" name="getUserProfile" time="1.992"/>
  <system-out/>
  <testcase classname="TelecomAPI.TelecomAPIServices" name="updateUserPartial" time="1.778"/>
  <system-out/>
  <testcase classname="TelecomAPI.TelecomAPIServices" name="loginUser" time="1.933"/>
  <system-out/>
  <testcase classname="TelecomAPI.TelecomAPIServices" name="addContact" time="1.707"/>
  <system-out/>
  <testcase classname="TelecomAPI.TelecomAPIServices" name="getContactList" time="1.912"/>
  <system-out/>
  <testcase classname="TelecomAPI.TelecomAPIServices" name="getContact" time="1.777"/>
  <system-out/>
  <testcase classname="TelecomAPI.TelecomAPIServices" name="updateContact" time="1.842"/>
  <system-out/>
  <testcase classname="TelecomAPI.TelecomAPIServices" name="updateContactPartial" time="1.737"/>
  <system-out/>
  <testcase classname="TelecomAPI.TelecomAPIServices" name="logOutUser" time="1.843"/>
  <system-out/>
</testsuite> <!-- TelecomAPI.TelecomAPIServices -->
